[14244:14164:0809/112348.988:ERROR:install_util.cc(589)] Unable to create registry key HKLM\SOFTWARE\Policies\Google\Chrome for reading result=2
[14244:14164:0809/112352.920:INFO:CONSOLE(0)] "[DOM] Found 2 elements with non-unique id #locale: (More info: https://goo.gl/9p2vKq) %o %o", source: https://www.facebook.com/ (0)
[14244:14164:0809/112352.920:INFO:CONSOLE(0)] "[DOM] Input elements should have autocomplete attributes (suggested: "current-password"): (More info: https://goo.gl/9p2vKq) %o", source: https://www.facebook.com/ (0)
[14244:14164:0809/112352.921:INFO:CONSOLE(0)] "[DOM] Input elements should have autocomplete attributes (suggested: "username"): (More info: https://goo.gl/9p2vKq) %o", source: https://www.facebook.com/ (0)
[14244:14164:0809/112353.711:INFO:CONSOLE(0)] "
%cStop!", source:  (0)
[14244:14164:0809/112353.711:INFO:CONSOLE(0)] "
%cThis is a browser feature intended for developers. If someone told you to copy-paste something here to enable a Facebook feature or "hack" someone's account, it is a scam and will give them access to your Facebook account.", source:  (0)
[14244:14164:0809/112353.711:INFO:CONSOLE(0)] "
%cSee https://www.facebook.com/selfxss for more information.", source:  (0)
[14244:14164:0809/112353.711:INFO:CONSOLE(0)] "
%c", source:  (0)
[14244:14164:0809/112409.086:INFO:CONSOLE(172)] "
%cStop!", source: https://static.xx.fbcdn.net/rsrc.php/v3/yc/r/LvPAwxnwh8y.js (172)
[14244:14164:0809/112409.087:INFO:CONSOLE(172)] "
%cThis is a browser feature intended for developers. If someone told you to copy-paste something here to enable a Facebook feature or "hack" someone's account, it is a scam and will give them access to your Facebook account.", source: https://static.xx.fbcdn.net/rsrc.php/v3/yc/r/LvPAwxnwh8y.js (172)
[14244:14164:0809/112409.087:INFO:CONSOLE(172)] "
%cSee https://www.facebook.com/selfxss for more information.", source: https://static.xx.fbcdn.net/rsrc.php/v3/yc/r/LvPAwxnwh8y.js (172)
[14244:14164:0809/112409.087:INFO:CONSOLE(172)] "
%c", source: https://static.xx.fbcdn.net/rsrc.php/v3/yc/r/LvPAwxnwh8y.js (172)
[14244:4484:0809/112409.556:ERROR:shader_disk_cache.cc(237)] Failed to create shader cache entry: -2
[14244:4484:0809/112412.089:WARNING:url_request_job_manager.cc(90)] Failed to map: chrome-extension://invalid/
[14244:4484:0809/112412.138:WARNING:url_request_job_manager.cc(90)] Failed to map: chrome-extension://invalid/
[14244:4484:0809/112412.367:WARNING:url_request_job_manager.cc(90)] Failed to map: chrome-extension://invalid/
[14244:4484:0809/112412.468:WARNING:url_request_job_manager.cc(90)] Failed to map: chrome-extension://invalid/
[14244:4484:0809/112412.476:WARNING:url_request_job_manager.cc(90)] Failed to map: chrome-extension://invalid/
[14244:4484:0809/112412.598:WARNING:url_request_job_manager.cc(90)] Failed to map: chrome-extension://invalid/
[14244:4484:0809/112412.615:WARNING:url_request_job_manager.cc(90)] Failed to map: chrome-extension://invalid/
[14244:14164:0809/112446.957:WARNING:pref_notifier_impl.cc(23)] Pref observer found at shutdown.
[14244:14164:0809/112446.957:WARNING:pref_notifier_impl.cc(23)] Pref observer found at shutdown.
